*** Using Compiler 'V5.06 update 7 (build 960)', folder: 'F:\keil\ARM\ARM-COMPLIER-506\Bin'
Build target 'freertos_helloworld'
compiling main.c...
linking...
Program Size: Code=6930 RO-data=466 RW-data=84 ZI-data=2388  
FromELF: creating hex file...
After Build - User command #1: keil-build-viewer.exe

=================================================== keil-build-viewer v1.6 ==================================================

[freertos_helloworld.uvprojx]  [freertos_helloworld]  [STM32F411CEUx]  [LTO disable]

------------------------------------------------------------------------------------------------------------------------------------
                                   FILE(s)                                   |         RAM (byte)       |       FLASH (byte)       |
------------------------------------------------------------------------------------------------------------------------------------
../Middlewares/Third_Party/FreeRTOS/Source/CMSIS_RTOS_V2/cmsis_os2.c():      |           0              |          22              |
../Middlewares/Third_Party/FreeRTOS/Source/event_groups.c():                 |           0              |           0              |
../Core/Src/freertos.c():                                                    |           0              |           0              |
../Core/Src/gpio.c():                                                        |           0              |           0              |
../Middlewares/Third_Party/FreeRTOS/Source/list.c():                         |           0              |          64              |
../Core/Src/main.c():                                                        |           1              |         405  [+42]       |
../Middlewares/Third_Party/FreeRTOS/Source/portable/RVDS/ARM_CM4F/port.c():  |           0              |         242              |
startup_stm32f411xe.s():                                                     |        1024              |         444              |
../Drivers/STM32F4xx_HAL_Driver/Src/stm32f4xx_hal.c():                       |           9              |         145              |
../Drivers/STM32F4xx_HAL_Driver/Src/stm32f4xx_hal_cortex.c():                |           0              |         252              |
../Core/Src/stm32f4xx_hal_msp.c():                                           |           0              |          84              |
../Drivers/STM32F4xx_HAL_Driver/Src/stm32f4xx_hal_rcc.c():                   |           0              |         112              |
../Drivers/STM32F4xx_HAL_Driver/Src/stm32f4xx_hal_tim.c():                   |           0              |         826              |
../Drivers/STM32F4xx_HAL_Driver/Src/stm32f4xx_hal_tim_ex.c():                |           0              |           4              |
../Core/Src/stm32f4xx_hal_timebase_tim.c():                                  |          72              |         160              |
../Drivers/STM32F4xx_HAL_Driver/Src/stm32f4xx_hal_uart.c():                  |           0              |         356              |
../Core/Src/stm32f4xx_it.c():                                                |           0              |          38              |
../Core/Src/system_stm32f4xx.c():                                            |           4              |          48              |
../Middlewares/Third_Party/FreeRTOS/Source/tasks.c():                        |        1280              |         612              |
../Core/Src/usart.c():                                                       |          68              |           0              |
------------------------------------------------------------------------------------------------------------------------------------
LR_IROM1
        RAM 1             [0x20000000 | 0x00020000 (131072)]
                RW_IRAM1  [0x20000000]|¡ö_________________________________________________| (   2.4 KB / 128.0 KB )   1.9%  

        FLASH 1           [0x08000000 | 0x00080000 (524288)]
                ER_IROM1  [0x08000000]|¡ö_________________________________________________| (   7.2 KB / 512.0 KB )   1.4%  [+44]

Maximum Stack Usage =        104 bytes + Unknown(Cycles, Untraceable Function Pointers)

=============================================================================================================================

After Build - User command #2: fromelf.exe --text -a -c -o "freertos_helloworld\freertos_helloworld.dis" "freertos_helloworld\freertos_helloworld.axf"
"freertos_helloworld\freertos_helloworld.axf" - 0 Error(s), 0 Warning(s).
Build Time Elapsed:  00:00:03
